#
# There is insufficient memory for the Java Runtime Environment to continue.
# Native memory allocation (malloc) failed to allocate 1408704 bytes for Chunk::new
# Possible reasons:
#   The system is out of physical RAM or swap space
#   The process is running with CompressedOops enabled, and the Java Heap may be blocking the growth of the native heap
# Possible solutions:
#   Reduce memory load on the system
#   Increase physical memory or swap space
#   Check if swap backing store is full
#   Decrease Java heap size (-Xmx/-Xms)
#   Decrease number of Java threads
#   Decrease Java thread stack sizes (-Xss)
#   Set larger code cache with -XX:ReservedCodeCacheSize=
#   JVM is running with Unscaled Compressed Oops mode in which the Java heap is
#     placed in the first 4GB address space. The Java Heap base address is the
#     maximum limit for the native heap growth. Please use -XX:HeapBaseMinAddress
#     to set the Java Heap base and to place the Java Heap above 4GB virtual address.
# This output file may be truncated or incomplete.
#
#  Out of Memory Error (./open/src/hotspot/share/memory/arena.cpp:195), pid=888, tid=14708
#
# JRE version: Java(TM) SE Runtime Environment (15.0+36) (build 15+36-1562)
# Java VM: Java HotSpot(TM) 64-Bit Server VM (15+36-1562, mixed mode, sharing, tiered, compressed oops, g1 gc, windows-amd64)
# No core dump will be written. Minidumps are not enabled by default on client versions of Windows
#

---------------  S U M M A R Y ------------

Command Line: -Dmaven.multiModuleProjectDirectory=D:\Programs\Java\StudentMess\v2\11.2.2020\v1\StudentMess -Dmaven.home=C:\Program Files\JetBrains\IntelliJ IDEA Community Edition 2020.2.2\plugins\maven\lib\maven3 -Dclassworlds.conf=C:\Program Files\JetBrains\IntelliJ IDEA Community Edition 2020.2.2\plugins\maven\lib\maven3\bin\m2.conf -Dmaven.ext.class.path=C:\Program Files\JetBrains\IntelliJ IDEA Community Edition 2020.2.2\plugins\maven\lib\maven-event-listener.jar -javaagent:C:\Program Files\JetBrains\IntelliJ IDEA Community Edition 2020.2.2\lib\idea_rt.jar=49836:C:\Program Files\JetBrains\IntelliJ IDEA Community Edition 2020.2.2\bin -Dfile.encoding=UTF-8 org.codehaus.classworlds.Launcher -Didea.version=2020.2.2 javafx:compile

Host: Intel(R) Core(TM) i5-7300HQ CPU @ 2.50GHz, 4 cores, 7G,  Windows 10 , 64 bit Build 19041 (10.0.19041.546)
Time: Thu Nov  5 09:54:01 2020 Central European Standard Time elapsed time: 6.830464 seconds (0d 0h 0m 6s)

---------------  T H R E A D  ---------------

Current thread (0x000002c1bafd9020):  JavaThread "C2 CompilerThread0" daemon [_thread_in_native, id=14708, stack(0x000000e874600000,0x000000e874700000)]


Current CompileTask:
C2:   6830 3613   !   4       org.codehaus.plexus.interpolation.StringSearchInterpolator::interpolate (650 bytes)

Stack: [0x000000e874600000,0x000000e874700000]
Native frames: (J=compiled Java code, j=interpreted, Vv=VM code, C=native code)
V  [jvm.dll+0x629eaa]
V  [jvm.dll+0x780379]
V  [jvm.dll+0x781ad3]
V  [jvm.dll+0x782133]
V  [jvm.dll+0x2159d5]
V  [jvm.dll+0x9794a]
V  [jvm.dll+0x9802c]
V  [jvm.dll+0x32dc35]
V  [jvm.dll+0x18dd31]
V  [jvm.dll+0x1e9ef2]
V  [jvm.dll+0x1e903e]
V  [jvm.dll+0x177f17]
V  [jvm.dll+0x1f88f5]
V  [jvm.dll+0x1f699c]
V  [jvm.dll+0x74384d]
V  [jvm.dll+0x73c64a]
V  [jvm.dll+0x628d16]
C  [ucrtbase.dll+0x214c2]
C  [KERNEL32.DLL+0x17034]
C  [ntdll.dll+0x4cec1]


---------------  P R O C E S S  ---------------

Threads class SMR info:
_java_thread_list=0x000002c1bd1ba570, length=13, elements={
0x000002c19cdb1140, 0x000002c1bafba090, 0x000002c1bafbac60, 0x000002c1bafcfda0,
0x000002c1bafd2860, 0x000002c1bafd3310, 0x000002c1bafd9020, 0x000002c1bafdb270,
0x000002c1bb958f90, 0x000002c19ce8ad00, 0x000002c1bbd088b0, 0x000002c1bbbf50a0,
0x000002c1bd7a7840
}

Java Threads: ( => current thread )
  0x000002c19cdb1140 JavaThread "main" [_thread_in_vm, id=9824, stack(0x000000e873a00000,0x000000e873b00000)]
  0x000002c1bafba090 JavaThread "Reference Handler" daemon [_thread_blocked, id=14532, stack(0x000000e874100000,0x000000e874200000)]
  0x000002c1bafbac60 JavaThread "Finalizer" daemon [_thread_blocked, id=1600, stack(0x000000e874200000,0x000000e874300000)]
  0x000002c1bafcfda0 JavaThread "Signal Dispatcher" daemon [_thread_blocked, id=7636, stack(0x000000e874300000,0x000000e874400000)]
  0x000002c1bafd2860 JavaThread "Attach Listener" daemon [_thread_blocked, id=988, stack(0x000000e874400000,0x000000e874500000)]
  0x000002c1bafd3310 JavaThread "Service Thread" daemon [_thread_blocked, id=10192, stack(0x000000e874500000,0x000000e874600000)]
=>0x000002c1bafd9020 JavaThread "C2 CompilerThread0" daemon [_thread_in_native, id=14708, stack(0x000000e874600000,0x000000e874700000)]
  0x000002c1bafdb270 JavaThread "C1 CompilerThread0" daemon [_thread_blocked, id=8300, stack(0x000000e874700000,0x000000e874800000)]
  0x000002c1bb958f90 JavaThread "Sweeper thread" daemon [_thread_blocked, id=7504, stack(0x000000e874800000,0x000000e874900000)]
  0x000002c19ce8ad00 JavaThread "Common-Cleaner" daemon [_thread_blocked, id=11136, stack(0x000000e874900000,0x000000e874a00000)]
  0x000002c1bbd088b0 JavaThread "Monitor Ctrl-Break" daemon [_thread_in_native, id=7016, stack(0x000000e874b00000,0x000000e874c00000)]
  0x000002c1bbbf50a0 JavaThread "Notification Thread" daemon [_thread_blocked, id=3668, stack(0x000000e874c00000,0x000000e874d00000)]
  0x000002c1bd7a7840 JavaThread "C2 CompilerThread1" daemon [_thread_in_native, id=6500, stack(0x000000e875000000,0x000000e875100000)]

Other Threads:
  0x000002c1bafb5c60 VMThread "VM Thread" [stack: 0x000000e874000000,0x000000e874100000] [id=4240]
  0x000002c1bbaa17d0 WatcherThread [stack: 0x000000e874d00000,0x000000e874e00000] [id=9140]
  0x000002c19cdf0350 GCTaskThread "GC Thread#0" [stack: 0x000000e873b00000,0x000000e873c00000] [id=10332]
  0x000002c1bbed58d0 GCTaskThread "GC Thread#1" [stack: 0x000000e874a00000,0x000000e874b00000] [id=14080]
  0x000002c1bbed5f30 GCTaskThread "GC Thread#2" [stack: 0x000000e874e00000,0x000000e874f00000] [id=13396]
  0x000002c19ce02230 ConcurrentGCThread "G1 Main Marker" [stack: 0x000000e873c00000,0x000000e873d00000] [id=11676]
  0x000002c19ce02e20 ConcurrentGCThread "G1 Conc#0" [stack: 0x000000e873d00000,0x000000e873e00000] [id=13648]
  0x000002c19ce7a370 ConcurrentGCThread "G1 Refine#0" [stack: 0x000000e873e00000,0x000000e873f00000] [id=10864]
  0x000002c1bc237a80 ConcurrentGCThread "G1 Refine#1" [stack: 0x000000e874f00000,0x000000e875000000] [id=14356]
  0x000002c19ce7af70 ConcurrentGCThread "G1 Young RemSet Sampling" [stack: 0x000000e873f00000,0x000000e874000000] [id=6464]

Threads with active compile tasks:
C2 CompilerThread0     6855 3613   !   4       org.codehaus.plexus.interpolation.StringSearchInterpolator::interpolate (650 bytes)
C1 CompilerThread0     6855 3721       3       com.google.inject.internal.AbstractBindingBuilder::in (28 bytes)
C2 CompilerThread1     6855 3718       4       java.lang.Throwable::<init> (39 bytes)

VM state: not at safepoint (normal execution)

VM Mutex/Monitor currently owned by a thread: None

Heap address: 0x0000000081c00000, size: 2020 MB, Compressed Oops mode: 32-bit
CDS archive(s) mapped at: [0x0000000800000000-0x0000000800b50000-0x0000000800b50000), size 11862016, SharedBaseAddress: 0x0000000800000000, ArchiveRelocationMode: 0.
Compressed class space mapped at: 0x0000000800b50000-0x0000000840b50000, size: 1073741824
Narrow klass base: 0x0000000800000000, Narrow klass shift: 3, Narrow klass range: 0x100000000

GC Precious Log:
 CPUs: 4 total, 4 available
 Memory: 8077M
 Large Page Support: Disabled
 NUMA Support: Disabled
 Compressed Oops: Enabled (32-bit)
 Heap Region Size: 1M
 Heap Min Capacity: 8M
 Heap Initial Capacity: 128M
 Heap Max Capacity: 2020M
 Pre-touch: Disabled
 Parallel Workers: 4
 Concurrent Workers: 1
 Concurrent Refinement Workers: 4
 Periodic GC: Disabled

Heap:
 garbage-first heap   total 131072K, used 20745K [0x0000000081c00000, 0x0000000100000000)
  region size 1024K, 18 young (18432K), 6 survivors (6144K)
 Metaspace       used 15077K, capacity 15791K, committed 15872K, reserved 1062912K
  class space    used 1628K, capacity 1771K, committed 1792K, reserved 1048576K

Heap Regions: E=young(eden), S=young(survivor), O=old, HS=humongous(starts), HC=humongous(continues), CS=collection set, F=free, OA=open archive, CA=closed archive, TAMS=top-at-mark-start (previous, next)
|   0|0x0000000081c00000, 0x0000000081d00000, 0x0000000081d00000|100%| O|  |TAMS 0x0000000081c00000, 0x0000000081c00000| Untracked 
|   1|0x0000000081d00000, 0x0000000081e00000, 0x0000000081e00000|100%| O|  |TAMS 0x0000000081d00000, 0x0000000081d00000| Untracked 
|   2|0x0000000081e00000, 0x0000000081f00000, 0x0000000081f00000|100%| O|  |TAMS 0x0000000081e00000, 0x0000000081e00000| Untracked 
|   3|0x0000000081f00000, 0x0000000081f8c200, 0x0000000082000000| 54%| O|  |TAMS 0x0000000081f00000, 0x0000000081f00000| Untracked 
|   4|0x0000000082000000, 0x0000000082000000, 0x0000000082100000|  0%| F|  |TAMS 0x0000000082000000, 0x0000000082000000| Untracked 
|   5|0x0000000082100000, 0x0000000082100000, 0x0000000082200000|  0%| F|  |TAMS 0x0000000082100000, 0x0000000082100000| Untracked 
|   6|0x0000000082200000, 0x0000000082200000, 0x0000000082300000|  0%| F|  |TAMS 0x0000000082200000, 0x0000000082200000| Untracked 
|   7|0x0000000082300000, 0x0000000082300000, 0x0000000082400000|  0%| F|  |TAMS 0x0000000082300000, 0x0000000082300000| Untracked 
|   8|0x0000000082400000, 0x0000000082400000, 0x0000000082500000|  0%| F|  |TAMS 0x0000000082400000, 0x0000000082400000| Untracked 
|   9|0x0000000082500000, 0x0000000082500000, 0x0000000082600000|  0%| F|  |TAMS 0x0000000082500000, 0x0000000082500000| Untracked 
|  10|0x0000000082600000, 0x0000000082600000, 0x0000000082700000|  0%| F|  |TAMS 0x0000000082600000, 0x0000000082600000| Untracked 
|  11|0x0000000082700000, 0x0000000082700000, 0x0000000082800000|  0%| F|  |TAMS 0x0000000082700000, 0x0000000082700000| Untracked 
|  12|0x0000000082800000, 0x0000000082800000, 0x0000000082900000|  0%| F|  |TAMS 0x0000000082800000, 0x0000000082800000| Untracked 
|  13|0x0000000082900000, 0x0000000082900000, 0x0000000082a00000|  0%| F|  |TAMS 0x0000000082900000, 0x0000000082900000| Untracked 
|  14|0x0000000082a00000, 0x0000000082a00000, 0x0000000082b00000|  0%| F|  |TAMS 0x0000000082a00000, 0x0000000082a00000| Untracked 
|  15|0x0000000082b00000, 0x0000000082b00000, 0x0000000082c00000|  0%| F|  |TAMS 0x0000000082b00000, 0x0000000082b00000| Untracked 
|  16|0x0000000082c00000, 0x0000000082c00000, 0x0000000082d00000|  0%| F|  |TAMS 0x0000000082c00000, 0x0000000082c00000| Untracked 
|  17|0x0000000082d00000, 0x0000000082d00000, 0x0000000082e00000|  0%| F|  |TAMS 0x0000000082d00000, 0x0000000082d00000| Untracked 
|  18|0x0000000082e00000, 0x0000000082e00000, 0x0000000082f00000|  0%| F|  |TAMS 0x0000000082e00000, 0x0000000082e00000| Untracked 
|  19|0x0000000082f00000, 0x0000000082f00000, 0x0000000083000000|  0%| F|  |TAMS 0x0000000082f00000, 0x0000000082f00000| Untracked 
|  20|0x0000000083000000, 0x0000000083000000, 0x0000000083100000|  0%| F|  |TAMS 0x0000000083000000, 0x0000000083000000| Untracked 
|  21|0x0000000083100000, 0x0000000083100000, 0x0000000083200000|  0%| F|  |TAMS 0x0000000083100000, 0x0000000083100000| Untracked 
|  22|0x0000000083200000, 0x0000000083200000, 0x0000000083300000|  0%| F|  |TAMS 0x0000000083200000, 0x0000000083200000| Untracked 
|  23|0x0000000083300000, 0x0000000083300000, 0x0000000083400000|  0%| F|  |TAMS 0x0000000083300000, 0x0000000083300000| Untracked 
|  24|0x0000000083400000, 0x0000000083400000, 0x0000000083500000|  0%| F|  |TAMS 0x0000000083400000, 0x0000000083400000| Untracked 
|  25|0x0000000083500000, 0x0000000083500000, 0x0000000083600000|  0%| F|  |TAMS 0x0000000083500000, 0x0000000083500000| Untracked 
|  26|0x0000000083600000, 0x0000000083600000, 0x0000000083700000|  0%| F|  |TAMS 0x0000000083600000, 0x0000000083600000| Untracked 
|  27|0x0000000083700000, 0x0000000083700000, 0x0000000083800000|  0%| F|  |TAMS 0x0000000083700000, 0x0000000083700000| Untracked 
|  28|0x0000000083800000, 0x0000000083800000, 0x0000000083900000|  0%| F|  |TAMS 0x0000000083800000, 0x0000000083800000| Untracked 
|  29|0x0000000083900000, 0x0000000083900000, 0x0000000083a00000|  0%| F|  |TAMS 0x0000000083900000, 0x0000000083900000| Untracked 
|  30|0x0000000083a00000, 0x0000000083a00000, 0x0000000083b00000|  0%| F|  |TAMS 0x0000000083a00000, 0x0000000083a00000| Untracked 
|  31|0x0000000083b00000, 0x0000000083b00000, 0x0000000083c00000|  0%| F|  |TAMS 0x0000000083b00000, 0x0000000083b00000| Untracked 
|  32|0x0000000083c00000, 0x0000000083c00000, 0x0000000083d00000|  0%| F|  |TAMS 0x0000000083c00000, 0x0000000083c00000| Untracked 
|  33|0x0000000083d00000, 0x0000000083d00000, 0x0000000083e00000|  0%| F|  |TAMS 0x0000000083d00000, 0x0000000083d00000| Untracked 
|  34|0x0000000083e00000, 0x0000000083e00000, 0x0000000083f00000|  0%| F|  |TAMS 0x0000000083e00000, 0x0000000083e00000| Untracked 
|  35|0x0000000083f00000, 0x0000000083f00000, 0x0000000084000000|  0%| F|  |TAMS 0x0000000083f00000, 0x0000000083f00000| Untracked 
|  36|0x0000000084000000, 0x0000000084000000, 0x0000000084100000|  0%| F|  |TAMS 0x0000000084000000, 0x0000000084000000| Untracked 
|  37|0x0000000084100000, 0x0000000084100000, 0x0000000084200000|  0%| F|  |TAMS 0x0000000084100000, 0x0000000084100000| Untracked 
|  38|0x0000000084200000, 0x0000000084200000, 0x0000000084300000|  0%| F|  |TAMS 0x0000000084200000, 0x0000000084200000| Untracked 
|  39|0x0000000084300000, 0x0000000084300000, 0x0000000084400000|  0%| F|  |TAMS 0x0000000084300000, 0x0000000084300000| Untracked 
|  40|0x0000000084400000, 0x0000000084400000, 0x0000000084500000|  0%| F|  |TAMS 0x0000000084400000, 0x0000000084400000| Untracked 
|  41|0x0000000084500000, 0x0000000084500000, 0x0000000084600000|  0%| F|  |TAMS 0x0000000084500000, 0x0000000084500000| Untracked 
|  42|0x0000000084600000, 0x0000000084600000, 0x0000000084700000|  0%| F|  |TAMS 0x0000000084600000, 0x0000000084600000| Untracked 
|  43|0x0000000084700000, 0x0000000084700000, 0x0000000084800000|  0%| F|  |TAMS 0x0000000084700000, 0x0000000084700000| Untracked 
|  44|0x0000000084800000, 0x0000000084800000, 0x0000000084900000|  0%| F|  |TAMS 0x0000000084800000, 0x0000000084800000| Untracked 
|  45|0x0000000084900000, 0x0000000084900000, 0x0000000084a00000|  0%| F|  |TAMS 0x0000000084900000, 0x0000000084900000| Untracked 
|  46|0x0000000084a00000, 0x0000000084ab65b0, 0x0000000084b00000| 71%| S|CS|TAMS 0x0000000084a00000, 0x0000000084a00000| Complete 
|  47|0x0000000084b00000, 0x0000000084c00000, 0x0000000084c00000|100%| S|CS|TAMS 0x0000000084b00000, 0x0000000084b00000| Complete 
|  48|0x0000000084c00000, 0x0000000084d00000, 0x0000000084d00000|100%| S|CS|TAMS 0x0000000084c00000, 0x0000000084c00000| Complete 
|  49|0x0000000084d00000, 0x0000000084e00000, 0x0000000084e00000|100%| S|CS|TAMS 0x0000000084d00000, 0x0000000084d00000| Complete 
|  50|0x0000000084e00000, 0x0000000084f00000, 0x0000000084f00000|100%| S|CS|TAMS 0x0000000084e00000, 0x0000000084e00000| Complete 
|  51|0x0000000084f00000, 0x0000000085000000, 0x0000000085000000|100%| S|CS|TAMS 0x0000000084f00000, 0x0000000084f00000| Complete 
|  52|0x0000000085000000, 0x0000000085000000, 0x0000000085100000|  0%| F|  |TAMS 0x0000000085000000, 0x0000000085000000| Untracked 
|  53|0x0000000085100000, 0x0000000085100000, 0x0000000085200000|  0%| F|  |TAMS 0x0000000085100000, 0x0000000085100000| Untracked 
|  54|0x0000000085200000, 0x0000000085200000, 0x0000000085300000|  0%| F|  |TAMS 0x0000000085200000, 0x0000000085200000| Untracked 
|  55|0x0000000085300000, 0x0000000085300000, 0x0000000085400000|  0%| F|  |TAMS 0x0000000085300000, 0x0000000085300000| Untracked 
|  56|0x0000000085400000, 0x0000000085400000, 0x0000000085500000|  0%| F|  |TAMS 0x0000000085400000, 0x0000000085400000| Untracked 
|  57|0x0000000085500000, 0x0000000085500000, 0x0000000085600000|  0%| F|  |TAMS 0x0000000085500000, 0x0000000085500000| Untracked 
|  58|0x0000000085600000, 0x0000000085600000, 0x0000000085700000|  0%| F|  |TAMS 0x0000000085600000, 0x0000000085600000| Untracked 
|  59|0x0000000085700000, 0x0000000085700000, 0x0000000085800000|  0%| F|  |TAMS 0x0000000085700000, 0x0000000085700000| Untracked 
|  60|0x0000000085800000, 0x0000000085800000, 0x0000000085900000|  0%| F|  |TAMS 0x0000000085800000, 0x0000000085800000| Untracked 
|  61|0x0000000085900000, 0x0000000085900000, 0x0000000085a00000|  0%| F|  |TAMS 0x0000000085900000, 0x0000000085900000| Untracked 
|  62|0x0000000085a00000, 0x0000000085a00000, 0x0000000085b00000|  0%| F|  |TAMS 0x0000000085a00000, 0x0000000085a00000| Untracked 
|  63|0x0000000085b00000, 0x0000000085b00000, 0x0000000085c00000|  0%| F|  |TAMS 0x0000000085b00000, 0x0000000085b00000| Untracked 
|  64|0x0000000085c00000, 0x0000000085c00000, 0x0000000085d00000|  0%| F|  |TAMS 0x0000000085c00000, 0x0000000085c00000| Untracked 
|  65|0x0000000085d00000, 0x0000000085d00000, 0x0000000085e00000|  0%| F|  |TAMS 0x0000000085d00000, 0x0000000085d00000| Untracked 
|  66|0x0000000085e00000, 0x0000000085e00000, 0x0000000085f00000|  0%| F|  |TAMS 0x0000000085e00000, 0x0000000085e00000| Untracked 
|  67|0x0000000085f00000, 0x0000000085f00000, 0x0000000086000000|  0%| F|  |TAMS 0x0000000085f00000, 0x0000000085f00000| Untracked 
|  68|0x0000000086000000, 0x0000000086000000, 0x0000000086100000|  0%| F|  |TAMS 0x0000000086000000, 0x0000000086000000| Untracked 
|  69|0x0000000086100000, 0x0000000086100000, 0x0000000086200000|  0%| F|  |TAMS 0x0000000086100000, 0x0000000086100000| Untracked 
|  70|0x0000000086200000, 0x0000000086200000, 0x0000000086300000|  0%| F|  |TAMS 0x0000000086200000, 0x0000000086200000| Untracked 
|  71|0x0000000086300000, 0x0000000086300000, 0x0000000086400000|  0%| F|  |TAMS 0x0000000086300000, 0x0000000086300000| Untracked 
|  72|0x0000000086400000, 0x0000000086400000, 0x0000000086500000|  0%| F|  |TAMS 0x0000000086400000, 0x0000000086400000| Untracked 
|  73|0x0000000086500000, 0x0000000086500000, 0x0000000086600000|  0%| F|  |TAMS 0x0000000086500000, 0x0000000086500000| Untracked 
|  74|0x0000000086600000, 0x0000000086600000, 0x0000000086700000|  0%| F|  |TAMS 0x0000000086600000, 0x0000000086600000| Untracked 
|  75|0x0000000086700000, 0x0000000086700000, 0x0000000086800000|  0%| F|  |TAMS 0x0000000086700000, 0x0000000086700000| Untracked 
|  76|0x0000000086800000, 0x0000000086800000, 0x0000000086900000|  0%| F|  |TAMS 0x0000000086800000, 0x0000000086800000| Untracked 
|  77|0x0000000086900000, 0x0000000086900000, 0x0000000086a00000|  0%| F|  |TAMS 0x0000000086900000, 0x0000000086900000| Untracked 
|  78|0x0000000086a00000, 0x0000000086a00000, 0x0000000086b00000|  0%| F|  |TAMS 0x0000000086a00000, 0x0000000086a00000| Untracked 
|  79|0x0000000086b00000, 0x0000000086b00000, 0x0000000086c00000|  0%| F|  |TAMS 0x0000000086b00000, 0x0000000086b00000| Untracked 
|  80|0x0000000086c00000, 0x0000000086c00000, 0x0000000086d00000|  0%| F|  |TAMS 0x0000000086c00000, 0x0000000086c00000| Untracked 
|  81|0x0000000086d00000, 0x0000000086d00000, 0x0000000086e00000|  0%| F|  |TAMS 0x0000000086d00000, 0x0000000086d00000| Untracked 
|  82|0x0000000086e00000, 0x0000000086e00000, 0x0000000086f00000|  0%| F|  |TAMS 0x0000000086e00000, 0x0000000086e00000| Untracked 
|  83|0x0000000086f00000, 0x0000000086f00000, 0x0000000087000000|  0%| F|  |TAMS 0x0000000086f00000, 0x0000000086f00000| Untracked 
|  84|0x0000000087000000, 0x0000000087000000, 0x0000000087100000|  0%| F|  |TAMS 0x0000000087000000, 0x0000000087000000| Untracked 
|  85|0x0000000087100000, 0x0000000087100000, 0x0000000087200000|  0%| F|  |TAMS 0x0000000087100000, 0x0000000087100000| Untracked 
|  86|0x0000000087200000, 0x0000000087200000, 0x0000000087300000|  0%| F|  |TAMS 0x0000000087200000, 0x0000000087200000| Untracked 
|  87|0x0000000087300000, 0x0000000087300000, 0x0000000087400000|  0%| F|  |TAMS 0x0000000087300000, 0x0000000087300000| Untracked 
|  88|0x0000000087400000, 0x0000000087400000, 0x0000000087500000|  0%| F|  |TAMS 0x0000000087400000, 0x0000000087400000| Untracked 
|  89|0x0000000087500000, 0x0000000087500000, 0x0000000087600000|  0%| F|  |TAMS 0x0000000087500000, 0x0000000087500000| Untracked 
|  90|0x0000000087600000, 0x0000000087600000, 0x0000000087700000|  0%| F|  |TAMS 0x0000000087600000, 0x0000000087600000| Untracked 
|  91|0x0000000087700000, 0x0000000087700000, 0x0000000087800000|  0%| F|  |TAMS 0x0000000087700000, 0x0000000087700000| Untracked 
|  92|0x0000000087800000, 0x0000000087800000, 0x0000000087900000|  0%| F|  |TAMS 0x0000000087800000, 0x0000000087800000| Untracked 
|  93|0x0000000087900000, 0x0000000087900000, 0x0000000087a00000|  0%| F|  |TAMS 0x0000000087900000, 0x0000000087900000| Untracked 
|  94|0x0000000087a00000, 0x0000000087a00000, 0x0000000087b00000|  0%| F|  |TAMS 0x0000000087a00000, 0x0000000087a00000| Untracked 
|  95|0x0000000087b00000, 0x0000000087b00000, 0x0000000087c00000|  0%| F|  |TAMS 0x0000000087b00000, 0x0000000087b00000| Untracked 
|  96|0x0000000087c00000, 0x0000000087c00000, 0x0000000087d00000|  0%| F|  |TAMS 0x0000000087c00000, 0x0000000087c00000| Untracked 
|  97|0x0000000087d00000, 0x0000000087d00000, 0x0000000087e00000|  0%| F|  |TAMS 0x0000000087d00000, 0x0000000087d00000| Untracked 
|  98|0x0000000087e00000, 0x0000000087e00000, 0x0000000087f00000|  0%| F|  |TAMS 0x0000000087e00000, 0x0000000087e00000| Untracked 
|  99|0x0000000087f00000, 0x0000000087f00000, 0x0000000088000000|  0%| F|  |TAMS 0x0000000087f00000, 0x0000000087f00000| Untracked 
| 100|0x0000000088000000, 0x0000000088000000, 0x0000000088100000|  0%| F|  |TAMS 0x0000000088000000, 0x0000000088000000| Untracked 
| 101|0x0000000088100000, 0x0000000088100000, 0x0000000088200000|  0%| F|  |TAMS 0x0000000088100000, 0x0000000088100000| Untracked 
| 102|0x0000000088200000, 0x0000000088200000, 0x0000000088300000|  0%| F|  |TAMS 0x0000000088200000, 0x0000000088200000| Untracked 
| 103|0x0000000088300000, 0x0000000088300000, 0x0000000088400000|  0%| F|  |TAMS 0x0000000088300000, 0x0000000088300000| Untracked 
| 104|0x0000000088400000, 0x0000000088400000, 0x0000000088500000|  0%| F|  |TAMS 0x0000000088400000, 0x0000000088400000| Untracked 
| 105|0x0000000088500000, 0x0000000088500000, 0x0000000088600000|  0%| F|  |TAMS 0x0000000088500000, 0x0000000088500000| Untracked 
| 106|0x0000000088600000, 0x0000000088600000, 0x0000000088700000|  0%| F|  |TAMS 0x0000000088600000, 0x0000000088600000| Untracked 
| 107|0x0000000088700000, 0x0000000088700000, 0x0000000088800000|  0%| F|  |TAMS 0x0000000088700000, 0x0000000088700000| Untracked 
| 108|0x0000000088800000, 0x0000000088800000, 0x0000000088900000|  0%| F|  |TAMS 0x0000000088800000, 0x0000000088800000| Untracked 
| 109|0x0000000088900000, 0x0000000088900000, 0x0000000088a00000|  0%| F|  |TAMS 0x0000000088900000, 0x0000000088900000| Untracked 
| 110|0x0000000088a00000, 0x0000000088a00000, 0x0000000088b00000|  0%| F|  |TAMS 0x0000000088a00000, 0x0000000088a00000| Untracked 
| 111|0x0000000088b00000, 0x0000000088b00000, 0x0000000088c00000|  0%| F|  |TAMS 0x0000000088b00000, 0x0000000088b00000| Untracked 
| 112|0x0000000088c00000, 0x0000000088c00000, 0x0000000088d00000|  0%| F|  |TAMS 0x0000000088c00000, 0x0000000088c00000| Untracked 
| 113|0x0000000088d00000, 0x0000000088d00000, 0x0000000088e00000|  0%| F|  |TAMS 0x0000000088d00000, 0x0000000088d00000| Untracked 
| 114|0x0000000088e00000, 0x0000000088e00000, 0x0000000088f00000|  0%| F|  |TAMS 0x0000000088e00000, 0x0000000088e00000| Untracked 
| 115|0x0000000088f00000, 0x0000000088f00000, 0x0000000089000000|  0%| F|  |TAMS 0x0000000088f00000, 0x0000000088f00000| Untracked 
| 116|0x0000000089000000, 0x0000000089100000, 0x0000000089100000|100%| E|  |TAMS 0x0000000089000000, 0x0000000089000000| Complete 
| 117|0x0000000089100000, 0x0000000089200000, 0x0000000089200000|100%| E|CS|TAMS 0x0000000089100000, 0x0000000089100000| Complete 
| 118|0x0000000089200000, 0x0000000089300000, 0x0000000089300000|100%| E|CS|TAMS 0x0000000089200000, 0x0000000089200000| Complete 
| 119|0x0000000089300000, 0x0000000089400000, 0x0000000089400000|100%| E|CS|TAMS 0x0000000089300000, 0x0000000089300000| Complete 
| 120|0x0000000089400000, 0x0000000089500000, 0x0000000089500000|100%| E|CS|TAMS 0x0000000089400000, 0x0000000089400000| Complete 
| 121|0x0000000089500000, 0x0000000089600000, 0x0000000089600000|100%| E|CS|TAMS 0x0000000089500000, 0x0000000089500000| Complete 
| 122|0x0000000089600000, 0x0000000089700000, 0x0000000089700000|100%| E|CS|TAMS 0x0000000089600000, 0x0000000089600000| Complete 
| 123|0x0000000089700000, 0x0000000089800000, 0x0000000089800000|100%| E|CS|TAMS 0x0000000089700000, 0x0000000089700000| Complete 
| 124|0x0000000089800000, 0x0000000089900000, 0x0000000089900000|100%| E|CS|TAMS 0x0000000089800000, 0x0000000089800000| Complete 
| 125|0x0000000089900000, 0x0000000089a00000, 0x0000000089a00000|100%| E|CS|TAMS 0x0000000089900000, 0x0000000089900000| Complete 
| 126|0x0000000089a00000, 0x0000000089b00000, 0x0000000089b00000|100%| E|CS|TAMS 0x0000000089a00000, 0x0000000089a00000| Complete 
| 127|0x0000000089b00000, 0x0000000089c00000, 0x0000000089c00000|100%| E|CS|TAMS 0x0000000089b00000, 0x0000000089b00000| Complete 

Card table byte_map: [0x000002c1b43f0000,0x000002c1b47f0000] _byte_map_base: 0x000002c1b3fe2000

Marking Bits (Prev, Next): (CMBitMap*) 0x000002c19cdf0bc0, (CMBitMap*) 0x000002c19cdf0c00
 Prev Bits: [0x000002c1b4bf0000, 0x000002c1b6b80000)
 Next Bits: [0x000002c1b6b80000, 0x000002c1b8b10000)

Polling page: 0x000002c19c590000

Metaspace:

Usage:
  Non-class:     13.69 MB capacity,    13.13 MB ( 96%) used,   555.55 KB (  4%) free+waste,    15.25 KB ( <1%) overhead. 
      Class:      1.73 MB capacity,     1.59 MB ( 92%) used,   136.51 KB (  8%) free+waste,     6.06 KB ( <1%) overhead. 
       Both:     15.42 MB capacity,    14.72 MB ( 95%) used,   692.05 KB (  4%) free+waste,    21.31 KB ( <1%) overhead. 

Virtual space:
  Non-class space:       14.00 MB reserved,      13.75 MB ( 98%) committed 
      Class space:        1.00 GB reserved,       1.75 MB ( <1%) committed 
             Both:        1.01 GB reserved,      15.50 MB (  1%) committed 

Chunk freelists:
   Non-Class:  60.00 KB
       Class:  21.00 KB
        Both:  81.00 KB

MaxMetaspaceSize: 17179869184.00 GB
CompressedClassSpaceSize: 1.00 GB

CodeHeap 'non-profiled nmethods': size=120000Kb used=1895Kb max_used=1895Kb free=118105Kb
 bounds [0x000002c1acac0000, 0x000002c1acd30000, 0x000002c1b3ff0000]
CodeHeap 'profiled nmethods': size=120000Kb used=7257Kb max_used=7257Kb free=112742Kb
 bounds [0x000002c1a5590000, 0x000002c1a5cb0000, 0x000002c1acac0000]
CodeHeap 'non-nmethods': size=5760Kb used=1209Kb max_used=1278Kb free=4550Kb
 bounds [0x000002c1a4ff0000, 0x000002c1a5260000, 0x000002c1a5590000]
 total_blobs=4193 nmethods=3721 adapters=384
 compilation: enabled
              stopped_count=0, restarted_count=0
 full_count=0

Compilation events (20 events):
Event: 6.790 Thread 0x000002c1bafdb270 3696       1       org.eclipse.aether.util.graph.transformer.ConflictResolver$ConflictItem::getNode (5 bytes)
Event: 6.791 Thread 0x000002c1bafdb270 nmethod 3696 0x000002c1acc94490 code [0x000002c1acc94620, 0x000002c1acc946d8]
Event: 6.791 Thread 0x000002c1bafdb270 3697       1       org.eclipse.aether.graph.DefaultDependencyNode::getVersionConstraint (5 bytes)
Event: 6.791 Thread 0x000002c1bafdb270 nmethod 3697 0x000002c1acc94790 code [0x000002c1acc94920, 0x000002c1acc949d8]
Event: 6.791 Thread 0x000002c1bafdb270 3698       1       org.eclipse.aether.graph.DefaultDependencyNode::getVersion (5 bytes)
Event: 6.791 Thread 0x000002c1bafdb270 nmethod 3698 0x000002c1acc94a90 code [0x000002c1acc94c20, 0x000002c1acc94cd8]
Event: 6.791 Thread 0x000002c1bafdb270 3694       1       org.eclipse.aether.util.graph.transformer.ConflictResolver$ScopeContext::getParentScope (5 bytes)
Event: 6.791 Thread 0x000002c1bafdb270 nmethod 3694 0x000002c1acc94d90 code [0x000002c1acc94f20, 0x000002c1acc94fd8]
Event: 6.791 Thread 0x000002c1bafdb270 3695       1       org.eclipse.aether.util.graph.transformer.ConflictResolver$ScopeContext::getChildScope (5 bytes)
Event: 6.791 Thread 0x000002c1bafdb270 nmethod 3695 0x000002c1acc95090 code [0x000002c1acc95220, 0x000002c1acc952d8]
Event: 6.791 Thread 0x000002c1bafdb270 3693       3       org.eclipse.aether.util.graph.transformer.ConflictIdSorter$ConflictId::add (47 bytes)
Event: 6.791 Thread 0x000002c1bafdb270 nmethod 3693 0x000002c1a5c9c890 code [0x000002c1a5c9caa0, 0x000002c1a5c9d1f8]
Event: 6.791 Thread 0x000002c1bafdb270 3699       1       org.eclipse.aether.util.graph.transformer.ConflictResolver$ConflictItem::getOptionalities (5 bytes)
Event: 6.791 Thread 0x000002c1bafdb270 nmethod 3699 0x000002c1acc95390 code [0x000002c1acc95520, 0x000002c1acc955d8]
Event: 6.791 Thread 0x000002c1bafdb270 3689       3       org.apache.maven.model.interpolation.StringVisitorModelInterpolator$ModelVisitor::visit (84 bytes)
Event: 6.791 Thread 0x000002c1bd7a7840 3700       4       java.util.Properties$LineReader::readLine (584 bytes)
Event: 6.792 Thread 0x000002c1bafdb270 nmethod 3689 0x000002c1a5c9d490 code [0x000002c1a5c9d740, 0x000002c1a5c9e748]
Event: 6.792 Thread 0x000002c1bafdb270 3690       3       org.apache.maven.model.PatternSet::getIncludes (23 bytes)
Event: 6.792 Thread 0x000002c1bafdb270 nmethod 3690 0x000002c1a5c9ec10 code [0x000002c1a5c9ede0, 0x000002c1a5c9f1b8]
Event: 6.799 Thread 0x000002c1bd7a7840 nmethod 3700 0x000002c1acc95690 code [0x000002c1acc95840, 0x000002c1acc95ed8]

GC Heap History (8 events):
Event: 3.018 GC heap before
{Heap before GC invocations=0 (full 0):
 garbage-first heap   total 131072K, used 13312K [0x0000000081c00000, 0x0000000100000000)
  region size 1024K, 13 young (13312K), 0 survivors (0K)
 Metaspace       used 4196K, capacity 6319K, committed 6528K, reserved 1056768K
  class space    used 416K, capacity 637K, committed 640K, reserved 1048576K
}
Event: 3.022 GC heap after
{Heap after GC invocations=1 (full 0):
 garbage-first heap   total 131072K, used 3562K [0x0000000081c00000, 0x0000000100000000)
  region size 1024K, 2 young (2048K), 2 survivors (2048K)
 Metaspace       used 4196K, capacity 6319K, committed 6528K, reserved 1056768K
  class space    used 416K, capacity 637K, committed 640K, reserved 1048576K
}
Event: 3.317 GC heap before
{Heap before GC invocations=1 (full 0):
 garbage-first heap   total 131072K, used 14826K [0x0000000081c00000, 0x0000000100000000)
  region size 1024K, 13 young (13312K), 2 survivors (2048K)
 Metaspace       used 6146K, capacity 7730K, committed 7808K, reserved 1056768K
  class space    used 688K, capacity 830K, committed 896K, reserved 1048576K
}
Event: 3.319 GC heap after
{Heap after GC invocations=2 (full 0):
 garbage-first heap   total 131072K, used 4276K [0x0000000081c00000, 0x0000000100000000)
  region size 1024K, 1 young (1024K), 1 survivors (1024K)
 Metaspace       used 6146K, capacity 7730K, committed 7808K, reserved 1056768K
  class space    used 688K, capacity 830K, committed 896K, reserved 1048576K
}
Event: 4.005 GC heap before
{Heap before GC invocations=2 (full 0):
 garbage-first heap   total 131072K, used 32948K [0x0000000081c00000, 0x0000000100000000)
  region size 1024K, 29 young (29696K), 1 survivors (1024K)
 Metaspace       used 10309K, capacity 11508K, committed 11648K, reserved 1058816K
  class space    used 1201K, capacity 1358K, committed 1408K, reserved 1048576K
}
Event: 4.007 GC heap after
{Heap after GC invocations=3 (full 0):
 garbage-first heap   total 131072K, used 5656K [0x0000000081c00000, 0x0000000100000000)
  region size 1024K, 2 young (2048K), 2 survivors (2048K)
 Metaspace       used 10309K, capacity 11508K, committed 11648K, reserved 1058816K
  class space    used 1201K, capacity 1358K, committed 1408K, reserved 1048576K
}
Event: 6.592 GC heap before
{Heap before GC invocations=3 (full 0):
 garbage-first heap   total 131072K, used 81432K [0x0000000081c00000, 0x0000000100000000)
  region size 1024K, 76 young (77824K), 2 survivors (2048K)
 Metaspace       used 14961K, capacity 15640K, committed 15872K, reserved 1062912K
  class space    used 1624K, capacity 1766K, committed 1792K, reserved 1048576K
}
Event: 6.599 GC heap after
{Heap after GC invocations=4 (full 0):
 garbage-first heap   total 131072K, used 9481K [0x0000000081c00000, 0x0000000100000000)
  region size 1024K, 6 young (6144K), 6 survivors (6144K)
 Metaspace       used 14961K, capacity 15640K, committed 15872K, reserved 1062912K
  class space    used 1624K, capacity 1766K, committed 1792K, reserved 1048576K
}

Deoptimization events (20 events):
Event: 6.525 Thread 0x000002c19cdb1140 Uncommon trap: trap_request=0xfffffff4 fr.pc=0x000002c1acc5b260 relative=0x0000000000000c00
Event: 6.525 Thread 0x000002c19cdb1140 Uncommon trap: reason=null_check action=make_not_entrant pc=0x000002c1acc5b260 method=com.google.inject.internal.InjectorImpl.enterContext()Lcom/google/inject/internal/InternalContext; @ 7 c2
Event: 6.525 Thread 0x000002c19cdb1140 DEOPT PACKING pc=0x000002c1acc5b260 sp=0x000000e873afd3c0
Event: 6.525 Thread 0x000002c19cdb1140 DEOPT UNPACKING pc=0x000002c1a503e42f sp=0x000000e873afd3b0 mode 2
Event: 6.526 Thread 0x000002c19cdb1140 Uncommon trap: trap_request=0xffffff54 fr.pc=0x000002c1acc32acc relative=0x000000000000034c
Event: 6.526 Thread 0x000002c19cdb1140 Uncommon trap: reason=speculate_null_assert action=make_not_entrant pc=0x000002c1acc32acc method=org.eclipse.sisu.inject.RankedBindings$Itr.hasNext()Z @ 80 c2
Event: 6.526 Thread 0x000002c19cdb1140 DEOPT PACKING pc=0x000002c1acc32acc sp=0x000000e873afd7a0
Event: 6.526 Thread 0x000002c19cdb1140 DEOPT UNPACKING pc=0x000002c1a503e42f sp=0x000000e873afd770 mode 2
Event: 6.539 Thread 0x000002c19cdb1140 DEOPT PACKING pc=0x000002c1a56cba14 sp=0x000000e873af7ae0
Event: 6.539 Thread 0x000002c19cdb1140 DEOPT UNPACKING pc=0x000002c1a503e23f sp=0x000000e873af6f18 mode 0
Event: 6.539 Thread 0x000002c19cdb1140 DEOPT PACKING pc=0x000002c1a56cb64c sp=0x000000e873af7b50
Event: 6.539 Thread 0x000002c19cdb1140 DEOPT UNPACKING pc=0x000002c1a503e23f sp=0x000000e873af6ff8 mode 0
Event: 6.568 Thread 0x000002c19cdb1140 Uncommon trap: trap_request=0xffffffde fr.pc=0x000002c1acc3cc88 relative=0x00000000000020e8
Event: 6.568 Thread 0x000002c19cdb1140 Uncommon trap: reason=class_check action=maybe_recompile pc=0x000002c1acc3cc88 method=org.apache.maven.model.Plugin.clone()Lorg/apache/maven/model/Plugin; @ 94 c2
Event: 6.568 Thread 0x000002c19cdb1140 DEOPT PACKING pc=0x000002c1acc3cc88 sp=0x000000e873afd6a0
Event: 6.568 Thread 0x000002c19cdb1140 DEOPT UNPACKING pc=0x000002c1a503e42f sp=0x000000e873afd6c8 mode 2
Event: 6.612 Thread 0x000002c19cdb1140 DEOPT PACKING pc=0x000002c1a5694421 sp=0x000000e873afbbc0
Event: 6.612 Thread 0x000002c19cdb1140 DEOPT UNPACKING pc=0x000002c1a503e23f sp=0x000000e873afb0a0 mode 0
Event: 6.791 Thread 0x000002c19cdb1140 DEOPT PACKING pc=0x000002c1a5694719 sp=0x000000e873afd000
Event: 6.791 Thread 0x000002c19cdb1140 DEOPT UNPACKING pc=0x000002c1a503e23f sp=0x000000e873afc4f0 mode 0

Classes unloaded (0 events):
No events

Classes redefined (0 events):
No events

Internal exceptions (15 events):
Event: 2.346 Thread 0x000002c1bbd088b0 Exception <a 'java/lang/NoSuchMethodError'{0x00000000899d0540}: 'java.lang.Object java.lang.invoke.DirectMethodHandle$Holder.invokeStatic(java.lang.Object)'> (0x00000000899d0540) 
thrown [./open/src/hotspot/share/interpreter/linkResolver.cpp, line 782]
Event: 2.346 Thread 0x000002c1bbd088b0 Exception <a 'java/lang/NoSuchMethodError'{0x00000000899d3e50}: 'java.lang.Object java.lang.invoke.DirectMethodHandle$Holder.invokeStaticInit(java.lang.Object)'> (0x00000000899d3e50) 
thrown [./open/src/hotspot/share/interpreter/linkResolver.cpp, line 782]
Event: 2.360 Thread 0x000002c1bbd088b0 Exception <a 'java/lang/NoSuchMethodError'{0x00000000899e1130}: 'void java.lang.invoke.DirectMethodHandle$Holder.invokeStatic(java.lang.Object, java.lang.Object)'> (0x00000000899e1130) 
thrown [./open/src/hotspot/share/interpreter/linkResolver.cpp, line 782]
Event: 2.564 Thread 0x000002c19cdb1140 Exception <a 'java/lang/NoSuchMethodError'{0x0000000089683578}: 'void java.lang.invoke.DirectMethodHandle$Holder.invokeStaticInit(java.lang.Object, java.lang.Object)'> (0x0000000089683578) 
thrown [./open/src/hotspot/share/interpreter/linkResolver.cpp, line 782]
Event: 2.570 Thread 0x000002c19cdb1140 Exception <a 'java/lang/NoSuchMethodError'{0x00000000896b06e0}: 'java.lang.Object java.lang.invoke.DirectMethodHandle$Holder.invokeStaticInit(java.lang.Object, int, int, int, int)'> (0x00000000896b06e0) 
thrown [./open/src/hotspot/share/interpreter/linkResolver.cpp, line 782]
Event: 2.716 Thread 0x000002c19cdb1140 Exception <a 'java/lang/NoSuchMethodError'{0x0000000089577ec0}: 'java.lang.Object java.lang.invoke.DirectMethodHandle$Holder.invokeStaticInit(java.lang.Object, java.lang.Object, int, int, int, int)'> (0x0000000089577ec0) 
thrown [./open/src/hotspot/share/interpreter/linkResolver.cpp, line 782]
Event: 2.991 Thread 0x000002c19cdb1140 Exception <a 'java/lang/NoSuchMethodError'{0x0000000088f2bff0}: 'void java.lang.invoke.DirectMethodHandle$Holder.invokeSpecial(java.lang.Object, java.lang.Object, java.lang.Object)'> (0x0000000088f2bff0) 
thrown [./open/src/hotspot/share/interpreter/linkResolver.cpp, line 782]
Event: 3.180 Thread 0x000002c19cdb1140 Exception <a 'java/lang/NoSuchMethodError'{0x0000000089793ce8}: 'java.lang.Object java.lang.invoke.DirectMethodHandle$Holder.newInvokeSpecial(java.lang.Object, java.lang.Object, java.lang.Object, java.lang.Object, java.lang.Object)'> (0x0000000089793ce8) 
thrown [./open/src/hotspot/share/interpreter/linkResolver.cpp, line 782]
Event: 4.198 Thread 0x000002c19cdb1140 Exception <a 'java/lang/NoClassDefFoundError'{0x00000000896beed8}: com/google/inject/servlet/ServletModuleTargetVisitor> (0x00000000896beed8) 
thrown [./open/src/hotspot/share/classfile/systemDictionary.cpp, line 284]
Event: 4.198 Thread 0x000002c19cdb1140 Exception <a 'java/lang/NoClassDefFoundError'{0x00000000896c0b18}: javax/annotation/Priority> (0x00000000896c0b18) 
thrown [./open/src/hotspot/share/classfile/systemDictionary.cpp, line 284]
Event: 4.823 Thread 0x000002c19cdb1140 Implicit null exception at 0x000002c1acadc260 to 0x000002c1acadc2f6
Event: 4.823 Thread 0x000002c19cdb1140 Implicit null exception at 0x000002c1acb4ab0f to 0x000002c1acb4aef0
Event: 4.823 Thread 0x000002c19cdb1140 Implicit null exception at 0x000002c1acb56daf to 0x000002c1acb56e29
Event: 4.949 Thread 0x000002c19cdb1140 Implicit null exception at 0x000002c1acb1030f to 0x000002c1acb106dc
Event: 6.525 Thread 0x000002c19cdb1140 Implicit null exception at 0x000002c1acc5a7a0 to 0x000002c1acc5b254

Events (20 events):
Event: 5.081 loading class sun/nio/cs/ISO_8859_1$Decoder
Event: 5.081 loading class sun/nio/cs/ISO_8859_1$Decoder done
Event: 5.800 Executing VM operation: ICBufferFull
Event: 5.800 Executing VM operation: ICBufferFull done
Event: 6.268 Thread 0x000002c1bcbff510 Thread exited: 0x000002c1bcbff510
Event: 6.525 Executing VM operation: HandshakeAllThreads
Event: 6.525 Executing VM operation: HandshakeAllThreads done
Event: 6.528 Executing VM operation: ICBufferFull
Event: 6.528 Executing VM operation: ICBufferFull done
Event: 6.528 Executing VM operation: HandshakeAllThreads
Event: 6.528 Executing VM operation: HandshakeAllThreads done
Event: 6.535 loading class java/net/URISyntaxException
Event: 6.535 loading class java/net/URISyntaxException done
Event: 6.538 Executing VM operation: HandshakeAllThreads
Event: 6.539 Executing VM operation: HandshakeAllThreads done
Event: 6.545 loading class java/lang/ExceptionInInitializerError
Event: 6.545 loading class java/lang/ExceptionInInitializerError done
Event: 6.592 Executing VM operation: G1CollectForAllocation
Event: 6.599 Executing VM operation: G1CollectForAllocation done
Event: 6.600 Thread 0x000002c1bd7a7840 Thread added: 0x000002c1bd7a7840


Dynamic libraries:
0x00007ff65cf00000 - 0x00007ff65cf0f000 	C:\Program Files\Java\jdk-15\bin\java.exe
0x00007ffa1c3f0000 - 0x00007ffa1c5e6000 	C:\Windows\SYSTEM32\ntdll.dll
0x00007ffa1a4c0000 - 0x00007ffa1a57d000 	C:\Windows\System32\KERNEL32.DLL
0x00007ffa19f10000 - 0x00007ffa1a1d8000 	C:\Windows\System32\KERNELBASE.dll
0x00007ffa19e10000 - 0x00007ffa19f10000 	C:\Windows\System32\ucrtbase.dll
0x00007ffa14d40000 - 0x00007ffa14d59000 	C:\Program Files\Java\jdk-15\bin\VCRUNTIME140.dll
0x00007ffa14d20000 - 0x00007ffa14d38000 	C:\Program Files\Java\jdk-15\bin\jli.dll
0x00007ffa1c000000 - 0x00007ffa1c0aa000 	C:\Windows\System32\ADVAPI32.dll
0x00007ffa1ad50000 - 0x00007ffa1adee000 	C:\Windows\System32\msvcrt.dll
0x00007ffa1b6d0000 - 0x00007ffa1b76b000 	C:\Windows\System32\sechost.dll
0x00007ffa1b8c0000 - 0x00007ffa1b9e4000 	C:\Windows\System32\RPCRT4.dll
0x00007ffa1c210000 - 0x00007ffa1c3b0000 	C:\Windows\System32\USER32.dll
0x00007ffa1a290000 - 0x00007ffa1a2b2000 	C:\Windows\System32\win32u.dll
0x00007ffa1b860000 - 0x00007ffa1b88a000 	C:\Windows\System32\GDI32.dll
0x00007ffa19b40000 - 0x00007ffa19c49000 	C:\Windows\System32\gdi32full.dll
0x00007ffa1a3c0000 - 0x00007ffa1a45d000 	C:\Windows\System32\msvcp_win.dll
0x00007ffa08ad0000 - 0x00007ffa08d6b000 	C:\Windows\WinSxS\amd64_microsoft.windows.common-controls_6595b64144ccf1df_6.0.19041.488_none_ca04af081b815d21\COMCTL32.dll
0x00007ffa14120000 - 0x00007ffa1412a000 	C:\Windows\SYSTEM32\VERSION.dll
0x00007ffa1adf0000 - 0x00007ffa1ae20000 	C:\Windows\System32\IMM32.DLL
0x00007ffa14d10000 - 0x00007ffa14d1c000 	C:\Program Files\Java\jdk-15\bin\vcruntime140_1.dll
0x00007ffa03880000 - 0x00007ffa03911000 	C:\Program Files\Java\jdk-15\bin\msvcp140.dll
0x00007ff9bc9d0000 - 0x00007ff9bd52c000 	C:\Program Files\Java\jdk-15\bin\server\jvm.dll
0x00007ffa1bb80000 - 0x00007ffa1bb88000 	C:\Windows\System32\PSAPI.DLL
0x00007ffa07170000 - 0x00007ffa07179000 	C:\Windows\SYSTEM32\WSOCK32.dll
0x00007ffa1b770000 - 0x00007ffa1b7db000 	C:\Windows\System32\WS2_32.dll
0x00007ffa096f0000 - 0x00007ffa09717000 	C:\Windows\SYSTEM32\WINMM.dll
0x00007ffa18420000 - 0x00007ffa18432000 	C:\Windows\SYSTEM32\kernel.appcore.dll
0x00007ffa14d00000 - 0x00007ffa14d0a000 	C:\Program Files\Java\jdk-15\bin\jimage.dll
0x00007ffa180f0000 - 0x00007ffa182d4000 	C:\Windows\SYSTEM32\DBGHELP.DLL
0x00007ff9feb20000 - 0x00007ff9feb4c000 	C:\Windows\SYSTEM32\ntdll.dll
0x00007ffa1a2f0000 - 0x00007ffa1a36f000 	C:\Program Files\Java\jdk-15\bin\jli.dll
0x00007ffa14cf0000 - 0x00007ffa14cfe000 	C:\Windows\System32\sechost.dll
0x00007ffa14cc0000 - 0x00007ffa14ce5000 	C:\Windows\System32\USER32.dll
0x00007ffa1ae20000 - 0x00007ffa1b560000 	C:\Windows\System32\gdi32full.dll
0x00007ffa17880000 - 0x00007ffa18014000 	C:\Windows\WinSxS\amd64_microsoft.windows.common-controls_6595b64144ccf1df_6.0.19041.488_none_ca04af081b815d21\COMCTL32.dll
0x00007ffa1a9f0000 - 0x00007ffa1ad45000 	C:\Windows\System32\IMM32.DLL
0x00007ffa195b0000 - 0x00007ffa195dc000 	C:\Program Files\Java\jdk-15\bin\msvcp140.dll
0x00007ffa1a580000 - 0x00007ffa1a62e000 	C:\Windows\System32\SHCORE.dll
0x00007ffa1bb20000 - 0x00007ffa1bb75000 	C:\Windows\SYSTEM32\WSOCK32.dll
0x00007ffa19a70000 - 0x00007ffa19a96000 	C:\Windows\SYSTEM32\WINMM.dll
0x00007ffa14100000 - 0x00007ffa14118000 	C:\Windows\SYSTEM32\kernel.appcore.dll
0x00007ffa133c0000 - 0x00007ffa133d9000 	C:\Windows\SYSTEM32\DBGHELP.DLL
0x00007ffa0aa80000 - 0x00007ffa0ab80000 	C:\Windows\SYSTEM32\WINHTTP.dll
0x00007ffa19330000 - 0x00007ffa1939a000 	C:\Program Files\Java\jdk-15\bin\instrument.dll
0x00007ffa13370000 - 0x00007ffa13382000 	C:\Program Files\Java\jdk-15\bin\java.dll
0x00007ffa090d0000 - 0x00007ffa090ea000 	C:\Program Files\JetBrains\IntelliJ IDEA Community Edition 2020.2.2\bin\breakgen64.dll
0x00007ffa09170000 - 0x00007ffa09180000 	C:\Windows\System32\combase.dll
0x00007ffa19500000 - 0x00007ffa19518000 	C:\Windows\SYSTEM32\Wldp.dll
0x00007ffa18c50000 - 0x00007ffa18c84000 	C:\Windows\system32\rsaenh.dll
0x00007ffa1a2c0000 - 0x00007ffa1a2e7000 	C:\Windows\SYSTEM32\profapi.dll
0x00007ffa199f0000 - 0x00007ffa19a1e000 	C:\Program Files\Java\jdk-15\bin\zip.dll
0x00007ffa19520000 - 0x00007ffa1952c000 	C:\Windows\SYSTEM32\CRYPTBASE.dll
0x00007ffa18fd0000 - 0x00007ffa1900b000 	C:\Windows\SYSTEM32\IPHLPAPI.DLL
0x00007ffa1b9f0000 - 0x00007ffa1b9f9000 	C:\Windows\System32\NSI.dll
0x00007ffa10bd0000 - 0x00007ffa10be7000 	C:\Windows\SYSTEM32\dhcpcsvc6.DLL
0x00007ffa10bb0000 - 0x00007ffa10bcd000 	C:\Windows\SYSTEM32\dhcpcsvc.DLL
0x00007ffa19020000 - 0x00007ffa190eb000 	C:\Windows\SYSTEM32\DNSAPI.dll
0x00007ffa14cb0000 - 0x00007ffa14cba000 	C:\Users\tomas\AppData\Local\Temp\jansi-1.17.1-17709553775842890136.dll
0x00007ffa14820000 - 0x00007ffa1482a000 	C:\Users\tomas\AppData\Local\Temp\jansi-1.17.1-17516549386607103906.dll

dbghelp: loaded successfully - version: 4.0.5 - missing functions: none
symbol engine: initialized successfully - sym options: 0x614 - pdb path: .;C:\Program Files\Java\jdk-15\bin;C:\Windows\SYSTEM32;C:\Windows\WinSxS\amd64_microsoft.windows.common-controls_6595b64144ccf1df_6.0.19041.488_none_ca04af081b815d21;C:\Program Files\Java\jdk-15\bin\server;C:\Program Files\JetBrains\IntelliJ IDEA Community Edition 2020.2.2\bin;C:\Users\tomas\AppData\Local\Temp

VM Arguments:
jvm_args: -Dmaven.multiModuleProjectDirectory=D:\Programs\Java\StudentMess\v2\11.2.2020\v1\StudentMess -Dmaven.home=C:\Program Files\JetBrains\IntelliJ IDEA Community Edition 2020.2.2\plugins\maven\lib\maven3 -Dclassworlds.conf=C:\Program Files\JetBrains\IntelliJ IDEA Community Edition 2020.2.2\plugins\maven\lib\maven3\bin\m2.conf -Dmaven.ext.class.path=C:\Program Files\JetBrains\IntelliJ IDEA Community Edition 2020.2.2\plugins\maven\lib\maven-event-listener.jar -javaagent:C:\Program Files\JetBrains\IntelliJ IDEA Community Edition 2020.2.2\lib\idea_rt.jar=49836:C:\Program Files\JetBrains\IntelliJ IDEA Community Edition 2020.2.2\bin -Dfile.encoding=UTF-8 
java_command: org.codehaus.classworlds.Launcher -Didea.version=2020.2.2 javafx:compile
java_class_path (initial): C:\Program Files\JetBrains\IntelliJ IDEA Community Edition 2020.2.2\plugins\maven\lib\maven3\boot\plexus-classworlds-2.6.0.jar;C:\Program Files\JetBrains\IntelliJ IDEA Community Edition 2020.2.2\plugins\maven\lib\maven3\boot\plexus-classworlds.license
Launcher Type: SUN_STANDARD

[Global flags]
     intx CICompilerCount                          = 3                                         {product} {ergonomic}
     uint ConcGCThreads                            = 1                                         {product} {ergonomic}
     uint G1ConcRefinementThreads                  = 4                                         {product} {ergonomic}
   size_t G1HeapRegionSize                         = 1048576                                   {product} {ergonomic}
    uintx GCDrainStackTargetSize                   = 64                                        {product} {ergonomic}
   size_t InitialHeapSize                          = 134217728                                 {product} {ergonomic}
   size_t MarkStackSize                            = 4194304                                   {product} {ergonomic}
   size_t MaxHeapSize                              = 2118123520                                {product} {ergonomic}
   size_t MaxNewSize                               = 1270874112                                {product} {ergonomic}
   size_t MinHeapDeltaBytes                        = 1048576                                   {product} {ergonomic}
   size_t MinHeapSize                              = 8388608                                   {product} {ergonomic}
    uintx NonNMethodCodeHeapSize                   = 5832780                                {pd product} {ergonomic}
    uintx NonProfiledCodeHeapSize                  = 122912730                              {pd product} {ergonomic}
    uintx ProfiledCodeHeapSize                     = 122912730                              {pd product} {ergonomic}
    uintx ReservedCodeCacheSize                    = 251658240                              {pd product} {ergonomic}
     bool SegmentedCodeCache                       = true                                      {product} {ergonomic}
   size_t SoftMaxHeapSize                          = 2118123520                             {manageable} {ergonomic}
     bool UseCompressedClassPointers               = true                                 {lp64_product} {ergonomic}
     bool UseCompressedOops                        = true                                 {lp64_product} {ergonomic}
     bool UseG1GC                                  = true                                      {product} {ergonomic}
     bool UseLargePagesIndividualAllocation        = false                                  {pd product} {ergonomic}

Logging:
Log output configuration:
 #0: stdout all=warning uptime,level,tags
 #1: stderr all=off uptime,level,tags

Environment Variables:
JAVA_HOME=C:\Program Files\Java\jdk-15
PATH=C:\Program Files\Common Files\Oracle\Java\javapath;C:\Windows\system32;C:\Windows;C:\Windows\System32\Wbem;C:\Windows\System32\WindowsPowerShell\v1.0\;C:\Windows\System32\OpenSSH\;C:\apache-maven-3.6.3\bin;C:\Program Files\Java\jdk-15\bin;C:\Program Files\dotnet\;C:\Program Files\Microsoft SQL Server\130\Tools\Binn\;C:\Program Files\Microsoft SQL Server\Client SDK\ODBC\170\Tools\Binn\;D:\Inkscape\bin;C:\Users\tomas\AppData\Local\Microsoft\WindowsApps;;C:\Program Files\JetBrains\IntelliJ IDEA Community Edition 2020.2.2\bin;;C:\Users\tomas\AppData\Local\Programs\Microsoft VS Code\bin;C:\Users\tomas\.dotnet\tools
USERNAME=tomas
OS=Windows_NT
PROCESSOR_IDENTIFIER=Intel64 Family 6 Model 158 Stepping 9, GenuineIntel



---------------  S Y S T E M  ---------------

OS:
 Windows 10 , 64 bit Build 19041 (10.0.19041.546)
OS uptime: 0 days 19:05 hours

CPU: total 4 (initial active 4) (4 cores per cpu, 1 threads per core) family 6 model 158 stepping 9, cmov, cx8, fxsr, mmx, sse, sse2, sse3, ssse3, sse4.1, sse4.2, popcnt, vzeroupper, avx, avx2, aes, clmul, erms, 3dnowpref, lzcnt, tsc, tscinvbit, bmi1, bmi2, adx, fma, clflush, clflushopt

Memory: 4k page, system-wide physical 8077M (434M free)
TotalPageFile size 32653M (AvailPageFile size 6M)
current process WorkingSet (physical memory assigned to process): 402M, peak: 403M
current process commit charge ("private bytes"): 256M, peak: 257M

vm_info: Java HotSpot(TM) 64-Bit Server VM (15+36-1562) for windows-amd64 JRE (15+36-1562), built on Aug 11 2020 22:38:02 by "mach5one" with unknown MS VC++:1925

END.
