#
# There is insufficient memory for the Java Runtime Environment to continue.
# Native memory allocation (mmap) failed to map 134217728 bytes for G1 virtual space
# Possible reasons:
#   The system is out of physical RAM or swap space
#   The process is running with CompressedOops enabled, and the Java Heap may be blocking the growth of the native heap
# Possible solutions:
#   Reduce memory load on the system
#   Increase physical memory or swap space
#   Check if swap backing store is full
#   Decrease Java heap size (-Xmx/-Xms)
#   Decrease number of Java threads
#   Decrease Java thread stack sizes (-Xss)
#   Set larger code cache with -XX:ReservedCodeCacheSize=
#   JVM is running with Unscaled Compressed Oops mode in which the Java heap is
#     placed in the first 4GB address space. The Java Heap base address is the
#     maximum limit for the native heap growth. Please use -XX:HeapBaseMinAddress
#     to set the Java Heap base and to place the Java Heap above 4GB virtual address.
# This output file may be truncated or incomplete.
#
#  Out of Memory Error (./open/src/hotspot/os/windows/os_windows.cpp:3472), pid=9640, tid=10040
#
# JRE version:  (15.0+36) (build )
# Java VM: Java HotSpot(TM) 64-Bit Server VM (15+36-1562, mixed mode, sharing, tiered, compressed oops, g1 gc, windows-amd64)
# No core dump will be written. Minidumps are not enabled by default on client versions of Windows
#

---------------  S U M M A R Y ------------

Command Line: --module-path=D:\Programs\Java\StudentMess\v2\11.2.2020\v1\StudentMess\target\classes;C:\Users\tomas\.m2\repository\com\jfoenix\jfoenix\9.0.1\jfoenix-9.0.1.jar;C:\Users\tomas\.m2\repository\org\openjfx\javafx-base\14\javafx-base-14-win.jar;C:\Users\tomas\.m2\repository\org\openjfx\javafx-controls\14\javafx-controls-14-win.jar;C:\Users\tomas\.m2\repository\org\openjfx\javafx-fxml\14\javafx-fxml-14-win.jar;C:\Users\tomas\.m2\repository\org\openjfx\javafx-graphics\14\javafx-graphics-14-win.jar --add-modules=org.example -Djdk.module.main=org.example org.example/org.example.App

Host: Intel(R) Core(TM) i5-7300HQ CPU @ 2.50GHz, 4 cores, 7G,  Windows 10 , 64 bit Build 19041 (10.0.19041.546)
Time: Thu Nov  5 13:27:43 2020 Central European Standard Time elapsed time: 0.057017 seconds (0d 0h 0m 0s)

---------------  T H R E A D  ---------------

Current thread (0x000001bd5ef6ef20):  JavaThread "Unknown thread" [_thread_in_vm, id=10040, stack(0x0000001bbe000000,0x0000001bbe100000)]

Stack: [0x0000001bbe000000,0x0000001bbe100000]
Native frames: (J=compiled Java code, j=interpreted, Vv=VM code, C=native code)
V  [jvm.dll+0x629eaa]
V  [jvm.dll+0x780379]
V  [jvm.dll+0x781ad3]
V  [jvm.dll+0x782133]
V  [jvm.dll+0x2159d5]
V  [jvm.dll+0x627299]
V  [jvm.dll+0x61bdd5]
V  [jvm.dll+0x2cf96d]
V  [jvm.dll+0x2cf7d2]
V  [jvm.dll+0x2d57ac]
V  [jvm.dll+0x32523a]
V  [jvm.dll+0x324904]
V  [jvm.dll+0x2a68ea]
V  [jvm.dll+0x2a7a88]
V  [jvm.dll+0x75d0f1]
V  [jvm.dll+0x333af4]
V  [jvm.dll+0x73d816]
V  [jvm.dll+0x3b68e7]
V  [jvm.dll+0x3b8371]
C  [jli.dll+0x52fb]
C  [ucrtbase.dll+0x214c2]
C  [KERNEL32.DLL+0x17034]
C  [ntdll.dll+0x4cec1]


---------------  P R O C E S S  ---------------

Threads class SMR info:
_java_thread_list=0x00007ff8d0262fa0, length=0, elements={
}

Java Threads: ( => current thread )

Other Threads:
  0x000001bd5efaf340 GCTaskThread "GC Thread#0" [stack: 0x0000001bbe200000,0x0000001bbe300000] [id=11968]
  0x000001bd5efc21c0 ConcurrentGCThread "G1 Main Marker" [stack: 0x0000001bbe300000,0x0000001bbe400000] [id=5324]
  0x000001bd5efc2d40 ConcurrentGCThread "G1 Conc#0" [stack: 0x0000001bbe400000,0x0000001bbe500000] [id=4428]

[error occurred during error reporting (printing all threads), id 0xc0000005, EXCEPTION_ACCESS_VIOLATION (0xc0000005) at pc=0x00007ff8cfa577b7]

VM state: not at safepoint (not fully initialized)

VM Mutex/Monitor currently owned by a thread:  ([mutex/lock_event])
[0x000001bd5ef6b920] Heap_lock - owner thread: 0x000001bd5ef6ef20

Heap address: 0x0000000081c00000, size: 2020 MB, Compressed Oops mode: 32-bit
CDS archive(s) mapped at: [0x0000000000000000-0x0000000000000000-0x0000000000000000), size 0, SharedBaseAddress: 0x0000000800000000, ArchiveRelocationMode: 0.
Narrow klass base: 0x0000000000000000, Narrow klass shift: 0, Narrow klass range: 0x0

Heap:
 garbage-first heap   total 131072K, used 0K [0x0000000081c00000, 0x0000000100000000)
  region size 1024K, 0 young (0K), 0 survivors (0K)
 Metaspace       used 0K, capacity 0K, committed 0K, reserved 0K
  class space    used 0K, capacity 0K, committed 0K, reserved 0K

Heap Regions: E=young(eden), S=young(survivor), O=old, HS=humongous(starts), HC=humongous(continues), CS=collection set, F=free, OA=open archive, CA=closed archive, TAMS=top-at-mark-start (previous, next)

Card table byte_map: [0x000001bd765b0000,0x000001bd769b0000] _byte_map_base: 0x000001bd761a2000

Marking Bits (Prev, Next): (CMBitMap*) 0x000001bd5efb1ae0, (CMBitMap*) 0x000001bd5efb1b20
 Prev Bits: [0x000001bd76db0000, 0x000001bd78d40000)
 Next Bits: [0x000001bd78d40000, 0x000001bd7acd0000)

GC Heap History (0 events):
No events

Deoptimization events (0 events):
No events

Classes unloaded (0 events):
No events

Classes redefined (0 events):
No events

Internal exceptions (0 events):
No events

Events (1 events):
Event: 0.007 Loaded shared library C:\Program Files\Java\jdk-15\bin\java.dll


Dynamic libraries:
0x00007ff7d5b70000 - 0x00007ff7d5b7f000 	C:\Program Files\Java\jdk-15\bin\java.exe
0x00007ff9379d0000 - 0x00007ff937bc6000 	C:\Windows\SYSTEM32\ntdll.dll
0x00007ff9367b0000 - 0x00007ff93686d000 	C:\Windows\System32\KERNEL32.DLL
0x00007ff935330000 - 0x00007ff9355f8000 	C:\Windows\System32\KERNELBASE.dll
0x00007ff935120000 - 0x00007ff935220000 	C:\Windows\System32\ucrtbase.dll
0x00007ff90ad60000 - 0x00007ff90ad78000 	C:\Program Files\Java\jdk-15\bin\jli.dll
0x00007ff935b10000 - 0x00007ff935bba000 	C:\Windows\System32\ADVAPI32.dll
0x00007ff936430000 - 0x00007ff9364ce000 	C:\Windows\System32\msvcrt.dll
0x00007ff935a40000 - 0x00007ff935adb000 	C:\Windows\System32\sechost.dll
0x00007ff935bc0000 - 0x00007ff935ce4000 	C:\Windows\System32\RPCRT4.dll
0x00007ff936870000 - 0x00007ff936a10000 	C:\Windows\System32\USER32.dll
0x00007ff935730000 - 0x00007ff935752000 	C:\Windows\System32\win32u.dll
0x00007ff937870000 - 0x00007ff93789a000 	C:\Windows\System32\GDI32.dll
0x00007ff935220000 - 0x00007ff935329000 	C:\Windows\System32\gdi32full.dll
0x00007ff935920000 - 0x00007ff9359bd000 	C:\Windows\System32\msvcp_win.dll
0x00007ff910b40000 - 0x00007ff910b59000 	C:\Program Files\Java\jdk-15\bin\VCRUNTIME140.dll
0x00007ff924670000 - 0x00007ff92490b000 	C:\Windows\WinSxS\amd64_microsoft.windows.common-controls_6595b64144ccf1df_6.0.19041.488_none_ca04af081b815d21\COMCTL32.dll
0x00007ff92d3d0000 - 0x00007ff92d3da000 	C:\Windows\SYSTEM32\VERSION.dll
0x00007ff935ae0000 - 0x00007ff935b10000 	C:\Windows\System32\IMM32.DLL
0x00007ff91b1c0000 - 0x00007ff91b1cc000 	C:\Program Files\Java\jdk-15\bin\vcruntime140_1.dll
0x00007ff8dd480000 - 0x00007ff8dd511000 	C:\Program Files\Java\jdk-15\bin\msvcp140.dll
0x00007ff8cf7a0000 - 0x00007ff8d02fc000 	C:\Program Files\Java\jdk-15\bin\server\jvm.dll
0x00007ff937590000 - 0x00007ff937598000 	C:\Windows\System32\PSAPI.DLL
0x00007ff91e920000 - 0x00007ff91e929000 	C:\Windows\SYSTEM32\WSOCK32.dll
0x00007ff9376a0000 - 0x00007ff93770b000 	C:\Windows\System32\WS2_32.dll
0x00007ff924b90000 - 0x00007ff924bb7000 	C:\Windows\SYSTEM32\WINMM.dll
0x00007ff933a50000 - 0x00007ff933a62000 	C:\Windows\SYSTEM32\kernel.appcore.dll
0x00007ff919b80000 - 0x00007ff919b8a000 	C:\Program Files\Java\jdk-15\bin\jimage.dll
0x00007ff932f20000 - 0x00007ff933104000 	C:\Windows\SYSTEM32\DBGHELP.DLL
0x00007ff919fd0000 - 0x00007ff919ffc000 	C:\Windows\SYSTEM32\dbgcore.DLL
0x00007ff9359c0000 - 0x00007ff935a3f000 	C:\Windows\System32\bcryptPrimitives.dll
0x00007ff9073c0000 - 0x00007ff9073e5000 	C:\Program Files\Java\jdk-15\bin\java.dll

dbghelp: loaded successfully - version: 4.0.5 - missing functions: none
symbol engine: initialized successfully - sym options: 0x614 - pdb path: .;C:\Program Files\Java\jdk-15\bin;C:\Windows\SYSTEM32;C:\Windows\WinSxS\amd64_microsoft.windows.common-controls_6595b64144ccf1df_6.0.19041.488_none_ca04af081b815d21;C:\Program Files\Java\jdk-15\bin\server

VM Arguments:
jvm_args: --module-path=D:\Programs\Java\StudentMess\v2\11.2.2020\v1\StudentMess\target\classes;C:\Users\tomas\.m2\repository\com\jfoenix\jfoenix\9.0.1\jfoenix-9.0.1.jar;C:\Users\tomas\.m2\repository\org\openjfx\javafx-base\14\javafx-base-14-win.jar;C:\Users\tomas\.m2\repository\org\openjfx\javafx-controls\14\javafx-controls-14-win.jar;C:\Users\tomas\.m2\repository\org\openjfx\javafx-fxml\14\javafx-fxml-14-win.jar;C:\Users\tomas\.m2\repository\org\openjfx\javafx-graphics\14\javafx-graphics-14-win.jar --add-modules=org.example -Djdk.module.main=org.example 
java_command: org.example/org.example.App
java_class_path (initial): D:\Programs\Java\StudentMess\v2\11.2.2020\v1\StudentMess\target\classes;C:\Users\tomas\.m2\repository\com\oracle\ojdbc\ojdbc8\19.3.0.0\ojdbc8-19.3.0.0.jar;C:\Users\tomas\.m2\repository\com\oracle\ojdbc\ons\19.3.0.0\ons-19.3.0.0.jar;C:\Users\tomas\.m2\repository\com\oracle\ojdbc\osdt_cert\19.3.0.0\osdt_cert-19.3.0.0.jar;C:\Users\tomas\.m2\repository\com\oracle\ojdbc\osdt_core\19.3.0.0\osdt_core-19.3.0.0.jar;C:\Users\tomas\.m2\repository\com\oracle\ojdbc\simplefan\19.3.0.0\simplefan-19.3.0.0.jar;C:\Users\tomas\.m2\repository\com\oracle\ojdbc\ucp\19.3.0.0\ucp-19.3.0.0.jar;C:\Users\tomas\.m2\repository\io\github\typhon0\AnimateFX\1.2.1\AnimateFX-1.2.1.jar;C:\Users\tomas\.m2\repository\mysql\mysql-connector-java\5.1.36\mysql-connector-java-5.1.36.jar;C:\Users\tomas\.m2\repository\org\openjfx\javafx-base\14\javafx-base-14.jar;C:\Users\tomas\.m2\repository\org\openjfx\javafx-controls\14\javafx-controls-14.jar;C:\Users\tomas\.m2\repository\org\openjfx\javafx-fxml\14\javafx-fxml-14.jar;C:\Users\tomas\.m2\repository\org\openjfx\javafx-graphics\14\javafx-graphics-14.jar
Launcher Type: SUN_STANDARD

[Global flags]
     intx CICompilerCount                          = 3                                         {product} {ergonomic}
     uint ConcGCThreads                            = 1                                         {product} {ergonomic}
     uint G1ConcRefinementThreads                  = 4                                         {product} {ergonomic}
   size_t G1HeapRegionSize                         = 1048576                                   {product} {ergonomic}
    uintx GCDrainStackTargetSize                   = 64                                        {product} {ergonomic}
   size_t InitialHeapSize                          = 134217728                                 {product} {ergonomic}
   size_t MarkStackSize                            = 4194304                                   {product} {ergonomic}
   size_t MaxHeapSize                              = 2118123520                                {product} {ergonomic}
   size_t MinHeapDeltaBytes                        = 1048576                                   {product} {ergonomic}
   size_t MinHeapSize                              = 8388608                                   {product} {ergonomic}
    uintx NonNMethodCodeHeapSize                   = 5832780                                {pd product} {ergonomic}
    uintx NonProfiledCodeHeapSize                  = 122912730                              {pd product} {ergonomic}
    uintx ProfiledCodeHeapSize                     = 122912730                              {pd product} {ergonomic}
    uintx ReservedCodeCacheSize                    = 251658240                              {pd product} {ergonomic}
     bool SegmentedCodeCache                       = true                                      {product} {ergonomic}
   size_t SoftMaxHeapSize                          = 2118123520                             {manageable} {ergonomic}
     bool UseCompressedClassPointers               = true                                 {lp64_product} {ergonomic}
     bool UseCompressedOops                        = true                                 {lp64_product} {ergonomic}
     bool UseG1GC                                  = true                                      {product} {ergonomic}
     bool UseLargePagesIndividualAllocation        = false                                  {pd product} {ergonomic}

Logging:
Log output configuration:
 #0: stdout all=warning uptime,level,tags
 #1: stderr all=off uptime,level,tags

Environment Variables:
JAVA_HOME=C:\Program Files\Java\jdk-15
PATH=C:\Program Files\Common Files\Oracle\Java\javapath;C:\Windows\system32;C:\Windows;C:\Windows\System32\Wbem;C:\Windows\System32\WindowsPowerShell\v1.0\;C:\Windows\System32\OpenSSH\;C:\apache-maven-3.6.3\bin;C:\Program Files\Java\jdk-15\bin;C:\Program Files\dotnet\;C:\Program Files\Microsoft SQL Server\130\Tools\Binn\;C:\Program Files\Microsoft SQL Server\Client SDK\ODBC\170\Tools\Binn\;D:\Inkscape\bin;C:\Users\tomas\AppData\Local\Microsoft\WindowsApps;;C:\Program Files\JetBrains\IntelliJ IDEA Community Edition 2020.2.2\bin;;C:\Users\tomas\AppData\Local\Programs\Microsoft VS Code\bin;C:\Users\tomas\.dotnet\tools
USERNAME=tomas
OS=Windows_NT
PROCESSOR_IDENTIFIER=Intel64 Family 6 Model 158 Stepping 9, GenuineIntel



---------------  S Y S T E M  ---------------

OS:
 Windows 10 , 64 bit Build 19041 (10.0.19041.546)
OS uptime: 0 days 3:32 hours

CPU: total 4 (initial active 4) (4 cores per cpu, 1 threads per core) family 6 model 158 stepping 9, cmov, cx8, fxsr, mmx, sse, sse2, sse3, ssse3, sse4.1, sse4.2, popcnt, vzeroupper, avx, avx2, aes, clmul, erms, 3dnowpref, lzcnt, tsc, tscinvbit, bmi1, bmi2, adx, fma, clflush, clflushopt

Memory: 4k page, system-wide physical 8077M (545M free)
TotalPageFile size 32653M (AvailPageFile size 95M)
current process WorkingSet (physical memory assigned to process): 9M, peak: 9M
current process commit charge ("private bytes"): 51M, peak: 179M

vm_info: Java HotSpot(TM) 64-Bit Server VM (15+36-1562) for windows-amd64 JRE (15+36-1562), built on Aug 11 2020 22:38:02 by "mach5one" with unknown MS VC++:1925

END.
