#
# There is insufficient memory for the Java Runtime Environment to continue.
# Native memory allocation (mmap) failed to map 134217728 bytes for G1 virtual space
# Possible reasons:
#   The system is out of physical RAM or swap space
#   The process is running with CompressedOops enabled, and the Java Heap may be blocking the growth of the native heap
# Possible solutions:
#   Reduce memory load on the system
#   Increase physical memory or swap space
#   Check if swap backing store is full
#   Decrease Java heap size (-Xmx/-Xms)
#   Decrease number of Java threads
#   Decrease Java thread stack sizes (-Xss)
#   Set larger code cache with -XX:ReservedCodeCacheSize=
#   JVM is running with Unscaled Compressed Oops mode in which the Java heap is
#     placed in the first 4GB address space. The Java Heap base address is the
#     maximum limit for the native heap growth. Please use -XX:HeapBaseMinAddress
#     to set the Java Heap base and to place the Java Heap above 4GB virtual address.
# This output file may be truncated or incomplete.
#
#  Out of Memory Error (./open/src/hotspot/os/windows/os_windows.cpp:3472), pid=10748, tid=15064
#
# JRE version:  (15.0+36) (build )
# Java VM: Java HotSpot(TM) 64-Bit Server VM (15+36-1562, mixed mode, sharing, tiered, compressed oops, g1 gc, windows-amd64)
# No core dump will be written. Minidumps are not enabled by default on client versions of Windows
#

---------------  S U M M A R Y ------------

Command Line: -Dmaven.multiModuleProjectDirectory=D:\Programs\Java\StudentMess\v2\11.2.2020\v1\StudentMess -Dmaven.home=C:\Program Files\JetBrains\IntelliJ IDEA Community Edition 2020.2.2\plugins\maven\lib\maven3 -Dclassworlds.conf=C:\Program Files\JetBrains\IntelliJ IDEA Community Edition 2020.2.2\plugins\maven\lib\maven3\bin\m2.conf -Dmaven.ext.class.path=C:\Program Files\JetBrains\IntelliJ IDEA Community Edition 2020.2.2\plugins\maven\lib\maven-event-listener.jar -javaagent:C:\Program Files\JetBrains\IntelliJ IDEA Community Edition 2020.2.2\lib\idea_rt.jar=49837:C:\Program Files\JetBrains\IntelliJ IDEA Community Edition 2020.2.2\bin -Dfile.encoding=UTF-8 org.codehaus.classworlds.Launcher -Didea.version=2020.2.2 javafx:compile

Host: Intel(R) Core(TM) i5-7300HQ CPU @ 2.50GHz, 4 cores, 7G,  Windows 10 , 64 bit Build 19041 (10.0.19041.546)
Time: Thu Nov  5 09:53:54 2020 Central European Standard Time elapsed time: 0.089177 seconds (0d 0h 0m 0s)

---------------  T H R E A D  ---------------

Current thread (0x000001e612d90f50):  JavaThread "Unknown thread" [_thread_in_vm, id=15064, stack(0x000000d7dee00000,0x000000d7def00000)]

Stack: [0x000000d7dee00000,0x000000d7def00000]
Native frames: (J=compiled Java code, j=interpreted, Vv=VM code, C=native code)
V  [jvm.dll+0x629eaa]
V  [jvm.dll+0x780379]
V  [jvm.dll+0x781ad3]
V  [jvm.dll+0x782133]
V  [jvm.dll+0x2159d5]
V  [jvm.dll+0x627299]
V  [jvm.dll+0x61bdd5]
V  [jvm.dll+0x2cf96d]
V  [jvm.dll+0x2cf7d2]
V  [jvm.dll+0x2d57ac]
V  [jvm.dll+0x32523a]
V  [jvm.dll+0x324904]
V  [jvm.dll+0x2a68ea]
V  [jvm.dll+0x2a7a88]
V  [jvm.dll+0x75d0f1]
V  [jvm.dll+0x333af4]
V  [jvm.dll+0x73d816]
V  [jvm.dll+0x3b68e7]
V  [jvm.dll+0x3b8371]
C  [jli.dll+0x52fb]
C  [ucrtbase.dll+0x214c2]
C  [KERNEL32.DLL+0x17034]
C  [ntdll.dll+0x4cec1]


---------------  P R O C E S S  ---------------

Threads class SMR info:
_java_thread_list=0x00007ff9bd492fa0, length=0, elements={
}

Java Threads: ( => current thread )

Other Threads:
  0x000001e612dd01b0 GCTaskThread "GC Thread#0" [stack: 0x000000d7def00000,0x000000d7df000000] [id=15344]
  0x000001e612de1100 ConcurrentGCThread "G1 Main Marker" [stack: 0x000000d7df000000,0x000000d7df100000] [id=13164]
  0x000001e612de2d00 ConcurrentGCThread "G1 Conc#0" [stack: 0x000000d7df100000,0x000000d7df200000] [id=8056]

[error occurred during error reporting (printing all threads), id 0xc0000005, EXCEPTION_ACCESS_VIOLATION (0xc0000005) at pc=0x00007ff9bcc877b7]

VM state: not at safepoint (not fully initialized)

VM Mutex/Monitor currently owned by a thread:  ([mutex/lock_event])
[0x000001e612d8c610] Heap_lock - owner thread: 0x000001e612d90f50

Heap address: 0x0000000081c00000, size: 2020 MB, Compressed Oops mode: 32-bit
CDS archive(s) mapped at: [0x0000000000000000-0x0000000000000000-0x0000000000000000), size 0, SharedBaseAddress: 0x0000000800000000, ArchiveRelocationMode: 0.
Narrow klass base: 0x0000000000000000, Narrow klass shift: 0, Narrow klass range: 0x0

Heap:
 garbage-first heap   total 131072K, used 0K [0x0000000081c00000, 0x0000000100000000)
  region size 1024K, 0 young (0K), 0 survivors (0K)
 Metaspace       used 0K, capacity 0K, committed 0K, reserved 0K
  class space    used 0K, capacity 0K, committed 0K, reserved 0K

Heap Regions: E=young(eden), S=young(survivor), O=old, HS=humongous(starts), HC=humongous(continues), CS=collection set, F=free, OA=open archive, CA=closed archive, TAMS=top-at-mark-start (previous, next)

Card table byte_map: [0x000001e62a3d0000,0x000001e62a7d0000] _byte_map_base: 0x000001e629fc2000

Marking Bits (Prev, Next): (CMBitMap*) 0x000001e612dd0a20, (CMBitMap*) 0x000001e612dd0a60
 Prev Bits: [0x000001e62abd0000, 0x000001e62cb60000)
 Next Bits: [0x000001e62cb60000, 0x000001e62eaf0000)

GC Heap History (0 events):
No events

Deoptimization events (0 events):
No events

Classes unloaded (0 events):
No events

Classes redefined (0 events):
No events

Internal exceptions (0 events):
No events

Events (1 events):
Event: 0.082 Loaded shared library C:\Program Files\Java\jdk-15\bin\java.dll


Dynamic libraries:
0x00007ff65cf00000 - 0x00007ff65cf0f000 	C:\Program Files\Java\jdk-15\bin\java.exe
0x00007ffa1c3f0000 - 0x00007ffa1c5e6000 	C:\Windows\SYSTEM32\ntdll.dll
0x00007ffa1a4c0000 - 0x00007ffa1a57d000 	C:\Windows\System32\KERNEL32.DLL
0x00007ffa19f10000 - 0x00007ffa1a1d8000 	C:\Windows\System32\KERNELBASE.dll
0x00007ffa19e10000 - 0x00007ffa19f10000 	C:\Windows\System32\ucrtbase.dll
0x00007ffa14d40000 - 0x00007ffa14d59000 	C:\Program Files\Java\jdk-15\bin\VCRUNTIME140.dll
0x00007ffa14d20000 - 0x00007ffa14d38000 	C:\Program Files\Java\jdk-15\bin\jli.dll
0x00007ffa1c000000 - 0x00007ffa1c0aa000 	C:\Windows\System32\ADVAPI32.dll
0x00007ffa1ad50000 - 0x00007ffa1adee000 	C:\Windows\System32\msvcrt.dll
0x00007ffa1b6d0000 - 0x00007ffa1b76b000 	C:\Windows\System32\sechost.dll
0x00007ffa1b8c0000 - 0x00007ffa1b9e4000 	C:\Windows\System32\RPCRT4.dll
0x00007ffa1c210000 - 0x00007ffa1c3b0000 	C:\Windows\System32\USER32.dll
0x00007ffa1a290000 - 0x00007ffa1a2b2000 	C:\Windows\System32\win32u.dll
0x00007ffa08ad0000 - 0x00007ffa08d6b000 	C:\Windows\WinSxS\amd64_microsoft.windows.common-controls_6595b64144ccf1df_6.0.19041.488_none_ca04af081b815d21\COMCTL32.dll
0x00007ffa1b860000 - 0x00007ffa1b88a000 	C:\Windows\System32\GDI32.dll
0x00007ffa19b40000 - 0x00007ffa19c49000 	C:\Windows\System32\gdi32full.dll
0x00007ffa1a3c0000 - 0x00007ffa1a45d000 	C:\Windows\System32\msvcp_win.dll
0x00007ffa14120000 - 0x00007ffa1412a000 	C:\Windows\SYSTEM32\VERSION.dll
0x00007ffa1adf0000 - 0x00007ffa1ae20000 	C:\Windows\System32\IMM32.DLL
0x00007ffa14d10000 - 0x00007ffa14d1c000 	C:\Program Files\Java\jdk-15\bin\vcruntime140_1.dll
0x00007ffa03880000 - 0x00007ffa03911000 	C:\Program Files\Java\jdk-15\bin\msvcp140.dll
0x00007ff9bc9d0000 - 0x00007ff9bd52c000 	C:\Program Files\Java\jdk-15\bin\server\jvm.dll
0x00007ffa1bb80000 - 0x00007ffa1bb88000 	C:\Windows\System32\PSAPI.DLL
0x00007ffa07170000 - 0x00007ffa07179000 	C:\Windows\SYSTEM32\WSOCK32.dll
0x00007ffa096f0000 - 0x00007ffa09717000 	C:\Windows\SYSTEM32\WINMM.dll
0x00007ffa1b770000 - 0x00007ffa1b7db000 	C:\Windows\System32\WS2_32.dll
0x00007ffa18420000 - 0x00007ffa18432000 	C:\Windows\SYSTEM32\kernel.appcore.dll
0x00007ffa14d00000 - 0x00007ffa14d0a000 	C:\Program Files\Java\jdk-15\bin\jimage.dll
0x00007ffa180f0000 - 0x00007ffa182d4000 	C:\Windows\SYSTEM32\DBGHELP.DLL
0x00007ff9feb20000 - 0x00007ff9feb4c000 	C:\Windows\SYSTEM32\dbgcore.DLL
0x00007ffa1a2f0000 - 0x00007ffa1a36f000 	C:\Windows\System32\bcryptPrimitives.dll
0x00007ffa14cf0000 - 0x00007ffa14cfe000 	C:\Program Files\Java\jdk-15\bin\instrument.dll
0x00007ffa14cc0000 - 0x00007ffa14ce5000 	C:\Program Files\Java\jdk-15\bin\java.dll

dbghelp: loaded successfully - version: 4.0.5 - missing functions: none
symbol engine: initialized successfully - sym options: 0x614 - pdb path: .;C:\Program Files\Java\jdk-15\bin;C:\Windows\SYSTEM32;C:\Windows\WinSxS\amd64_microsoft.windows.common-controls_6595b64144ccf1df_6.0.19041.488_none_ca04af081b815d21;C:\Program Files\Java\jdk-15\bin\server

VM Arguments:
jvm_args: -Dmaven.multiModuleProjectDirectory=D:\Programs\Java\StudentMess\v2\11.2.2020\v1\StudentMess -Dmaven.home=C:\Program Files\JetBrains\IntelliJ IDEA Community Edition 2020.2.2\plugins\maven\lib\maven3 -Dclassworlds.conf=C:\Program Files\JetBrains\IntelliJ IDEA Community Edition 2020.2.2\plugins\maven\lib\maven3\bin\m2.conf -Dmaven.ext.class.path=C:\Program Files\JetBrains\IntelliJ IDEA Community Edition 2020.2.2\plugins\maven\lib\maven-event-listener.jar -javaagent:C:\Program Files\JetBrains\IntelliJ IDEA Community Edition 2020.2.2\lib\idea_rt.jar=49837:C:\Program Files\JetBrains\IntelliJ IDEA Community Edition 2020.2.2\bin -Dfile.encoding=UTF-8 
java_command: org.codehaus.classworlds.Launcher -Didea.version=2020.2.2 javafx:compile
java_class_path (initial): C:\Program Files\JetBrains\IntelliJ IDEA Community Edition 2020.2.2\plugins\maven\lib\maven3\boot\plexus-classworlds-2.6.0.jar;C:\Program Files\JetBrains\IntelliJ IDEA Community Edition 2020.2.2\plugins\maven\lib\maven3\boot\plexus-classworlds.license
Launcher Type: SUN_STANDARD

[Global flags]
     intx CICompilerCount                          = 3                                         {product} {ergonomic}
     uint ConcGCThreads                            = 1                                         {product} {ergonomic}
     uint G1ConcRefinementThreads                  = 4                                         {product} {ergonomic}
   size_t G1HeapRegionSize                         = 1048576                                   {product} {ergonomic}
    uintx GCDrainStackTargetSize                   = 64                                        {product} {ergonomic}
   size_t InitialHeapSize                          = 134217728                                 {product} {ergonomic}
   size_t MarkStackSize                            = 4194304                                   {product} {ergonomic}
   size_t MaxHeapSize                              = 2118123520                                {product} {ergonomic}
   size_t MinHeapDeltaBytes                        = 1048576                                   {product} {ergonomic}
   size_t MinHeapSize                              = 8388608                                   {product} {ergonomic}
    uintx NonNMethodCodeHeapSize                   = 5832780                                {pd product} {ergonomic}
    uintx NonProfiledCodeHeapSize                  = 122912730                              {pd product} {ergonomic}
    uintx ProfiledCodeHeapSize                     = 122912730                              {pd product} {ergonomic}
    uintx ReservedCodeCacheSize                    = 251658240                              {pd product} {ergonomic}
     bool SegmentedCodeCache                       = true                                      {product} {ergonomic}
   size_t SoftMaxHeapSize                          = 2118123520                             {manageable} {ergonomic}
     bool UseCompressedClassPointers               = true                                 {lp64_product} {ergonomic}
     bool UseCompressedOops                        = true                                 {lp64_product} {ergonomic}
     bool UseG1GC                                  = true                                      {product} {ergonomic}
     bool UseLargePagesIndividualAllocation        = false                                  {pd product} {ergonomic}

Logging:
Log output configuration:
 #0: stdout all=warning uptime,level,tags
 #1: stderr all=off uptime,level,tags

Environment Variables:
JAVA_HOME=C:\Program Files\Java\jdk-15
PATH=C:\Program Files\Common Files\Oracle\Java\javapath;C:\Windows\system32;C:\Windows;C:\Windows\System32\Wbem;C:\Windows\System32\WindowsPowerShell\v1.0\;C:\Windows\System32\OpenSSH\;C:\apache-maven-3.6.3\bin;C:\Program Files\Java\jdk-15\bin;C:\Program Files\dotnet\;C:\Program Files\Microsoft SQL Server\130\Tools\Binn\;C:\Program Files\Microsoft SQL Server\Client SDK\ODBC\170\Tools\Binn\;D:\Inkscape\bin;C:\Users\tomas\AppData\Local\Microsoft\WindowsApps;;C:\Program Files\JetBrains\IntelliJ IDEA Community Edition 2020.2.2\bin;;C:\Users\tomas\AppData\Local\Programs\Microsoft VS Code\bin;C:\Users\tomas\.dotnet\tools
USERNAME=tomas
OS=Windows_NT
PROCESSOR_IDENTIFIER=Intel64 Family 6 Model 158 Stepping 9, GenuineIntel



---------------  S Y S T E M  ---------------

OS:
 Windows 10 , 64 bit Build 19041 (10.0.19041.546)
OS uptime: 0 days 19:05 hours

CPU: total 4 (initial active 4) (4 cores per cpu, 1 threads per core) family 6 model 158 stepping 9, cmov, cx8, fxsr, mmx, sse, sse2, sse3, ssse3, sse4.1, sse4.2, popcnt, vzeroupper, avx, avx2, aes, clmul, erms, 3dnowpref, lzcnt, tsc, tscinvbit, bmi1, bmi2, adx, fma, clflush, clflushopt

Memory: 4k page, system-wide physical 8077M (595M free)
TotalPageFile size 32653M (AvailPageFile size 61M)
current process WorkingSet (physical memory assigned to process): 13M, peak: 13M
current process commit charge ("private bytes"): 51M, peak: 179M

vm_info: Java HotSpot(TM) 64-Bit Server VM (15+36-1562) for windows-amd64 JRE (15+36-1562), built on Aug 11 2020 22:38:02 by "mach5one" with unknown MS VC++:1925

END.
